2024-11-29T10:21:50.014+05:45  INFO 9656 --- [Sudurpaschimcopycompany] [restartedMain] c.S.S.SudurpaschimcopycompanyApplication : Starting SudurpaschimcopycompanyApplication using Java 17.0.9 with PID 9656 (D:\Sudurpaschimcopycompany\target\classes started by ACER in D:\Sudurpaschimcopycompany)
2024-11-29T10:21:50.018+05:45  INFO 9656 --- [Sudurpaschimcopycompany] [restartedMain] c.S.S.SudurpaschimcopycompanyApplication : No active profile set, falling back to 1 default profile: "default"
2024-11-29T10:21:50.079+05:45  INFO 9656 --- [Sudurpaschimcopycompany] [restartedMain] .e.DevToolsPropertyDefaultsPostProcessor : Devtools property defaults active! Set 'spring.devtools.add-properties' to 'false' to disable
2024-11-29T10:21:50.080+05:45  INFO 9656 --- [Sudurpaschimcopycompany] [restartedMain] .e.DevToolsPropertyDefaultsPostProcessor : For additional web related logging consider setting the 'logging.level.web' property to 'DEBUG'
2024-11-29T10:21:50.936+05:45  INFO 9656 --- [Sudurpaschimcopycompany] [restartedMain] .s.d.r.c.RepositoryConfigurationDelegate : Bootstrapping Spring Data JPA repositories in DEFAULT mode.
2024-11-29T10:21:51.000+05:45  INFO 9656 --- [Sudurpaschimcopycompany] [restartedMain] .s.d.r.c.RepositoryConfigurationDelegate : Finished Spring Data repository scanning in 53 ms. Found 1 JPA repository interface.
2024-11-29T10:21:51.577+05:45  INFO 9656 --- [Sudurpaschimcopycompany] [restartedMain] o.s.b.w.embedded.tomcat.TomcatWebServer  : Tomcat initialized with port 8080 (http)
2024-11-29T10:21:51.590+05:45  INFO 9656 --- [Sudurpaschimcopycompany] [restartedMain] o.apache.catalina.core.StandardService   : Starting service [Tomcat]
2024-11-29T10:21:51.590+05:45  INFO 9656 --- [Sudurpaschimcopycompany] [restartedMain] o.apache.catalina.core.StandardEngine    : Starting Servlet engine: [Apache Tomcat/10.1.30]
2024-11-29T10:21:51.648+05:45  INFO 9656 --- [Sudurpaschimcopycompany] [restartedMain] o.a.c.c.C.[Tomcat].[localhost].[/]       : Initializing Spring embedded WebApplicationContext
2024-11-29T10:21:51.649+05:45  INFO 9656 --- [Sudurpaschimcopycompany] [restartedMain] w.s.c.ServletWebServerApplicationContext : Root WebApplicationContext: initialization completed in 1568 ms
2024-11-29T10:21:51.818+05:45  INFO 9656 --- [Sudurpaschimcopycompany] [restartedMain] o.hibernate.jpa.internal.util.LogHelper  : HHH000204: Processing PersistenceUnitInfo [name: default]
2024-11-29T10:21:51.910+05:45  INFO 9656 --- [Sudurpaschimcopycompany] [restartedMain] org.hibernate.Version                    : HHH000412: Hibernate ORM core version 6.5.3.Final
2024-11-29T10:21:51.959+05:45  INFO 9656 --- [Sudurpaschimcopycompany] [restartedMain] o.h.c.internal.RegionFactoryInitiator    : HHH000026: Second-level cache disabled
2024-11-29T10:21:52.359+05:45  INFO 9656 --- [Sudurpaschimcopycompany] [restartedMain] o.s.o.j.p.SpringPersistenceUnitInfo      : No LoadTimeWeaver setup: ignoring JPA class transformer
2024-11-29T10:21:52.575+05:45  INFO 9656 --- [Sudurpaschimcopycompany] [restartedMain] com.zaxxer.hikari.HikariDataSource       : HikariPool-1 - Starting...
2024-11-29T10:21:53.111+05:45  INFO 9656 --- [Sudurpaschimcopycompany] [restartedMain] com.zaxxer.hikari.pool.HikariPool        : HikariPool-1 - Added connection com.mysql.cj.jdbc.ConnectionImpl@36daf331
2024-11-29T10:21:53.113+05:45  INFO 9656 --- [Sudurpaschimcopycompany] [restartedMain] com.zaxxer.hikari.HikariDataSource       : HikariPool-1 - Start completed.
2024-11-29T10:21:53.208+05:45  WARN 9656 --- [Sudurpaschimcopycompany] [restartedMain] org.hibernate.dialect.Dialect            : HHH000511: The 5.7.44 version for [org.hibernate.dialect.MySQLDialect] is no longer supported, hence certain features may not work properly. The minimum supported version is 8.0.0. Check the community dialects project for available legacy versions.
2024-11-29T10:21:54.164+05:45  INFO 9656 --- [Sudurpaschimcopycompany] [restartedMain] o.h.e.t.j.p.i.JtaPlatformInitiator       : HHH000489: No JTA platform available (set 'hibernate.transaction.jta.platform' to enable JTA platform integration)
2024-11-29T10:21:54.223+05:45  INFO 9656 --- [Sudurpaschimcopycompany] [restartedMain] j.LocalContainerEntityManagerFactoryBean : Initialized JPA EntityManagerFactory for persistence unit 'default'
2024-11-29T10:21:54.608+05:45  WARN 9656 --- [Sudurpaschimcopycompany] [restartedMain] JpaBaseConfiguration$JpaWebConfiguration : spring.jpa.open-in-view is enabled by default. Therefore, database queries may be performed during view rendering. Explicitly configure spring.jpa.open-in-view to disable this warning
2024-11-29T10:21:55.039+05:45  INFO 9656 --- [Sudurpaschimcopycompany] [restartedMain] o.s.b.d.a.OptionalLiveReloadServer       : LiveReload server is running on port 35729
2024-11-29T10:21:55.088+05:45  INFO 9656 --- [Sudurpaschimcopycompany] [restartedMain] o.s.b.w.embedded.tomcat.TomcatWebServer  : Tomcat started on port 8080 (http) with context path '/'
2024-11-29T10:21:55.102+05:45  INFO 9656 --- [Sudurpaschimcopycompany] [restartedMain] c.S.S.SudurpaschimcopycompanyApplication : Started SudurpaschimcopycompanyApplication in 5.655 seconds (process running for 6.509)
2024-11-29T10:21:56.463+05:45  INFO 9656 --- [Sudurpaschimcopycompany] [File Watcher] rtingClassPathChangeChangedEventListener : Restarting due to 3 class path changes (0 additions, 0 deletions, 3 modifications)
2024-11-29T10:21:56.520+05:45  INFO 9656 --- [Sudurpaschimcopycompany] [Thread-5] j.LocalContainerEntityManagerFactoryBean : Closing JPA EntityManagerFactory for persistence unit 'default'
2024-11-29T10:21:56.523+05:45  INFO 9656 --- [Sudurpaschimcopycompany] [Thread-5] com.zaxxer.hikari.HikariDataSource       : HikariPool-1 - Shutdown initiated...
2024-11-29T10:21:56.529+05:45  INFO 9656 --- [Sudurpaschimcopycompany] [Thread-5] com.zaxxer.hikari.HikariDataSource       : HikariPool-1 - Shutdown completed.
2024-11-29T10:21:56.599+05:45  INFO 9656 --- [Sudurpaschimcopycompany] [restartedMain] c.S.S.SudurpaschimcopycompanyApplication : Starting SudurpaschimcopycompanyApplication using Java 17.0.9 with PID 9656 (D:\Sudurpaschimcopycompany\target\classes started by ACER in D:\Sudurpaschimcopycompany)
2024-11-29T10:21:56.599+05:45  INFO 9656 --- [Sudurpaschimcopycompany] [restartedMain] c.S.S.SudurpaschimcopycompanyApplication : No active profile set, falling back to 1 default profile: "default"
2024-11-29T10:21:56.724+05:45  INFO 9656 --- [Sudurpaschimcopycompany] [restartedMain] .s.d.r.c.RepositoryConfigurationDelegate : Bootstrapping Spring Data JPA repositories in DEFAULT mode.
2024-11-29T10:21:56.731+05:45  INFO 9656 --- [Sudurpaschimcopycompany] [restartedMain] .s.d.r.c.RepositoryConfigurationDelegate : Finished Spring Data repository scanning in 7 ms. Found 1 JPA repository interface.
2024-11-29T10:21:56.812+05:45  INFO 9656 --- [Sudurpaschimcopycompany] [restartedMain] o.s.b.w.embedded.tomcat.TomcatWebServer  : Tomcat initialized with port 8080 (http)
2024-11-29T10:21:56.813+05:45  INFO 9656 --- [Sudurpaschimcopycompany] [restartedMain] o.apache.catalina.core.StandardService   : Starting service [Tomcat]
2024-11-29T10:21:56.814+05:45  INFO 9656 --- [Sudurpaschimcopycompany] [restartedMain] o.apache.catalina.core.StandardEngine    : Starting Servlet engine: [Apache Tomcat/10.1.30]
2024-11-29T10:21:56.828+05:45  INFO 9656 --- [Sudurpaschimcopycompany] [restartedMain] o.a.c.c.C.[Tomcat].[localhost].[/]       : Initializing Spring embedded WebApplicationContext
2024-11-29T10:21:56.828+05:45  INFO 9656 --- [Sudurpaschimcopycompany] [restartedMain] w.s.c.ServletWebServerApplicationContext : Root WebApplicationContext: initialization completed in 228 ms
2024-11-29T10:21:56.853+05:45  INFO 9656 --- [Sudurpaschimcopycompany] [restartedMain] o.hibernate.jpa.internal.util.LogHelper  : HHH000204: Processing PersistenceUnitInfo [name: default]
2024-11-29T10:21:56.855+05:45  INFO 9656 --- [Sudurpaschimcopycompany] [restartedMain] o.h.c.internal.RegionFactoryInitiator    : HHH000026: Second-level cache disabled
2024-11-29T10:21:56.864+05:45  INFO 9656 --- [Sudurpaschimcopycompany] [restartedMain] o.s.o.j.p.SpringPersistenceUnitInfo      : No LoadTimeWeaver setup: ignoring JPA class transformer
2024-11-29T10:21:56.865+05:45  INFO 9656 --- [Sudurpaschimcopycompany] [restartedMain] com.zaxxer.hikari.HikariDataSource       : HikariPool-2 - Starting...
2024-11-29T10:21:56.876+05:45  INFO 9656 --- [Sudurpaschimcopycompany] [restartedMain] com.zaxxer.hikari.pool.HikariPool        : HikariPool-2 - Added connection com.mysql.cj.jdbc.ConnectionImpl@64f45742
2024-11-29T10:21:56.877+05:45  INFO 9656 --- [Sudurpaschimcopycompany] [restartedMain] com.zaxxer.hikari.HikariDataSource       : HikariPool-2 - Start completed.
2024-11-29T10:21:56.878+05:45  WARN 9656 --- [Sudurpaschimcopycompany] [restartedMain] org.hibernate.dialect.Dialect            : HHH000511: The 5.7.44 version for [org.hibernate.dialect.MySQLDialect] is no longer supported, hence certain features may not work properly. The minimum supported version is 8.0.0. Check the community dialects project for available legacy versions.
2024-11-29T10:21:56.911+05:45  INFO 9656 --- [Sudurpaschimcopycompany] [restartedMain] o.h.e.t.j.p.i.JtaPlatformInitiator       : HHH000489: No JTA platform available (set 'hibernate.transaction.jta.platform' to enable JTA platform integration)
2024-11-29T10:21:56.917+05:45  INFO 9656 --- [Sudurpaschimcopycompany] [restartedMain] j.LocalContainerEntityManagerFactoryBean : Initialized JPA EntityManagerFactory for persistence unit 'default'
2024-11-29T10:21:56.965+05:45  WARN 9656 --- [Sudurpaschimcopycompany] [restartedMain] JpaBaseConfiguration$JpaWebConfiguration : spring.jpa.open-in-view is enabled by default. Therefore, database queries may be performed during view rendering. Explicitly configure spring.jpa.open-in-view to disable this warning
2024-11-29T10:21:57.047+05:45  INFO 9656 --- [Sudurpaschimcopycompany] [restartedMain] o.s.b.d.a.OptionalLiveReloadServer       : LiveReload server is running on port 35729
2024-11-29T10:21:57.055+05:45  INFO 9656 --- [Sudurpaschimcopycompany] [restartedMain] o.s.b.w.embedded.tomcat.TomcatWebServer  : Tomcat started on port 8080 (http) with context path '/'
2024-11-29T10:21:57.063+05:45  INFO 9656 --- [Sudurpaschimcopycompany] [restartedMain] c.S.S.SudurpaschimcopycompanyApplication : Started SudurpaschimcopycompanyApplication in 0.489 seconds (process running for 8.47)
2024-11-29T10:21:57.065+05:45  INFO 9656 --- [Sudurpaschimcopycompany] [restartedMain] .ConditionEvaluationDeltaLoggingListener : Condition evaluation unchanged
2024-11-29T10:22:09.251+05:45  INFO 9656 --- [Sudurpaschimcopycompany] [http-nio-8080-exec-1] o.a.c.c.C.[Tomcat].[localhost].[/]       : Initializing Spring DispatcherServlet 'dispatcherServlet'
2024-11-29T10:22:09.259+05:45  INFO 9656 --- [Sudurpaschimcopycompany] [http-nio-8080-exec-1] o.s.web.servlet.DispatcherServlet        : Initializing Servlet 'dispatcherServlet'
2024-11-29T10:22:09.259+05:45  INFO 9656 --- [Sudurpaschimcopycompany] [http-nio-8080-exec-1] o.s.web.servlet.DispatcherServlet        : Completed initialization in 0 ms
2024-11-29T10:23:27.773+05:45  INFO 9656 --- [Sudurpaschimcopycompany] [RMI TCP Connection(11)-127.0.0.1] inMXBeanRegistrar$SpringApplicationAdmin : Application shutdown requested.
2024-11-29T10:23:27.868+05:45  INFO 9656 --- [Sudurpaschimcopycompany] [RMI TCP Connection(11)-127.0.0.1] j.LocalContainerEntityManagerFactoryBean : Closing JPA EntityManagerFactory for persistence unit 'default'
2024-11-29T10:23:27.868+05:45  INFO 9656 --- [Sudurpaschimcopycompany] [RMI TCP Connection(11)-127.0.0.1] com.zaxxer.hikari.HikariDataSource       : HikariPool-2 - Shutdown initiated...
2024-11-29T10:23:27.868+05:45  INFO 9656 --- [Sudurpaschimcopycompany] [RMI TCP Connection(11)-127.0.0.1] com.zaxxer.hikari.HikariDataSource       : HikariPool-2 - Shutdown completed.
